# JRE version: OpenJDK Runtime Environment Temurin-17.0.11+9 (17.0.11+9) (build 17.0.11+9)
# Java VM: OpenJDK 64-Bit Server VM Temurin-17.0.11+9 (17.0.11+9, mixed mode, tiered, compressed oops, compressed class ptrs, parallel gc, linux-amd64)
GC Precious Log:
 CPUs: 4 total, 4 available
 Memory: 15864M
 Large Page Support: Disabled
 NUMA Support: Disabled
 Compressed Oops: Enabled (32-bit)
 Alignments: Space 512K, Generation 512K, Heap 2M
 Heap Min Capacity: 100M
 Heap Initial Capacity: 100M
 Heap Max Capacity: 1G
 Pre-touch: Disabled
 Parallel Workers: 4
Heap:
 PSYoungGen      total 19456K, used 7417K [0x00000000eab00000, 0x00000000ec380000, 0x0000000100000000)
  eden space 15360K, 24% used [0x00000000eab00000,0x00000000eaea98f0,0x00000000eba00000)
  from space 4096K, 89% used [0x00000000ebf80000,0x00000000ec314da0,0x00000000ec380000)
  to   space 4096K, 0% used [0x00000000ebb80000,0x00000000ebb80000,0x00000000ebf80000)
 ParOldGen       total 208896K, used 203051K [0x00000000c0000000, 0x00000000ccc00000, 0x00000000eab00000)
  object space 208896K, 97% used [0x00000000c0000000,0x00000000cc64ad28,0x00000000ccc00000)
 Metaspace       used 76611K, committed 77952K, reserved 1179648K
  class space    used 8087K, committed 8640K, reserved 1048576K
GC Heap History (20 events):
Event: 60.795 GC heap before
{Heap before GC invocations=111 (full 8):
 PSYoungGen      total 17920K, used 17088K [0x00000000eab00000, 0x00000000ebf00000, 0x0000000100000000)
  eden space 15360K, 100% used [0x00000000eab00000,0x00000000eba00000,0x00000000eba00000)
  from space 2560K, 67% used [0x00000000eba00000,0x00000000ebbb0000,0x00000000ebc80000)
  to   space 2048K, 0% used [0x00000000ebd00000,0x00000000ebd00000,0x00000000ebf00000)
 ParOldGen       total 208896K, used 108377K [0x00000000c0000000, 0x00000000ccc00000, 0x00000000eab00000)
  object space 208896K, 51% used [0x00000000c0000000,0x00000000c69d6638,0x00000000ccc00000)
 Metaspace       used 75934K, committed 77312K, reserved 1179648K
  class space    used 8049K, committed 8640K, reserved 1048576K
}
Event: 60.805 GC heap after
{Heap after GC invocations=111 (full 8):
 PSYoungGen      total 15872K, used 2030K [0x00000000eab00000, 0x00000000ec380000, 0x0000000100000000)
  eden space 13824K, 0% used [0x00000000eab00000,0x00000000eab00000,0x00000000eb880000)
  from space 2048K, 99% used [0x00000000ebd00000,0x00000000ebefb890,0x00000000ebf00000)
  to   space 4608K, 0% used [0x00000000eb880000,0x00000000eb880000,0x00000000ebd00000)
 ParOldGen       total 208896K, used 110370K [0x00000000c0000000, 0x00000000ccc00000, 0x00000000eab00000)
  object space 208896K, 52% used [0x00000000c0000000,0x00000000c6bc88a0,0x00000000ccc00000)
 Metaspace       used 75934K, committed 77312K, reserved 1179648K
  class space    used 8049K, committed 8640K, reserved 1048576K
}
Event: 60.995 GC heap before
{Heap before GC invocations=112 (full 8):
 PSYoungGen      total 15872K, used 15854K [0x00000000eab00000, 0x00000000ec380000, 0x0000000100000000)
  eden space 13824K, 100% used [0x00000000eab00000,0x00000000eb880000,0x00000000eb880000)
  from space 2048K, 99% used [0x00000000ebd00000,0x00000000ebefb890,0x00000000ebf00000)
  to   space 4608K, 0% used [0x00000000eb880000,0x00000000eb880000,0x00000000ebd00000)
 ParOldGen       total 208896K, used 110370K [0x00000000c0000000, 0x00000000ccc00000, 0x00000000eab00000)
  object space 208896K, 52% used [0x00000000c0000000,0x00000000c6bc88a0,0x00000000ccc00000)
 Metaspace       used 75983K, committed 77376K, reserved 1179648K
  class space    used 8055K, committed 8640K, reserved 1048576K
}
Event: 61.017 GC heap after
{Heap after GC invocations=112 (full 8):
 PSYoungGen      total 18432K, used 4597K [0x00000000eab00000, 0x00000000ece80000, 0x0000000100000000)
  eden space 13824K, 0% used [0x00000000eab00000,0x00000000eab00000,0x00000000eb880000)
  from space 4608K, 99% used [0x00000000eb880000,0x00000000ebcfd690,0x00000000ebd00000)
  to   space 10752K, 0% used [0x00000000ec400000,0x00000000ec400000,0x00000000ece80000)
 ParOldGen       total 208896K, used 115221K [0x00000000c0000000, 0x00000000ccc00000, 0x00000000eab00000)
  object space 208896K, 55% used [0x00000000c0000000,0x00000000c70857b0,0x00000000ccc00000)
 Metaspace       used 75983K, committed 77376K, reserved 1179648K
  class space    used 8055K, committed 8640K, reserved 1048576K
}
Event: 61.347 GC heap before
{Heap before GC invocations=113 (full 8):
 PSYoungGen      total 18432K, used 18421K [0x00000000eab00000, 0x00000000ece80000, 0x0000000100000000)
  eden space 13824K, 100% used [0x00000000eab00000,0x00000000eb880000,0x00000000eb880000)
  from space 4608K, 99% used [0x00000000eb880000,0x00000000ebcfd690,0x00000000ebd00000)
  to   space 10752K, 0% used [0x00000000ec400000,0x00000000ec400000,0x00000000ece80000)
 ParOldGen       total 208896K, used 115221K [0x00000000c0000000, 0x00000000ccc00000, 0x00000000eab00000)
  object space 208896K, 55% used [0x00000000c0000000,0x00000000c70857b0,0x00000000ccc00000)
 Metaspace       used 76165K, committed 77568K, reserved 1179648K
  class space    used 8056K, committed 8640K, reserved 1048576K
}
Event: 61.355 GC heap after
{Heap after GC invocations=113 (full 8):
 PSYoungGen      total 21504K, used 6273K [0x00000000eab00000, 0x00000000eca80000, 0x0000000100000000)
  eden space 14848K, 0% used [0x00000000eab00000,0x00000000eab00000,0x00000000eb980000)
  from space 6656K, 94% used [0x00000000ec400000,0x00000000eca20590,0x00000000eca80000)
  to   space 7680K, 0% used [0x00000000ebb80000,0x00000000ebb80000,0x00000000ec300000)
 ParOldGen       total 208896K, used 115245K [0x00000000c0000000, 0x00000000ccc00000, 0x00000000eab00000)
  object space 208896K, 55% used [0x00000000c0000000,0x00000000c708b7b0,0x00000000ccc00000)
 Metaspace       used 76165K, committed 77568K, reserved 1179648K
  class space    used 8056K, committed 8640K, reserved 1048576K
}
Event: 61.560 GC heap before
{Heap before GC invocations=114 (full 8):
 PSYoungGen      total 21504K, used 21121K [0x00000000eab00000, 0x00000000eca80000, 0x0000000100000000)
  eden space 14848K, 100% used [0x00000000eab00000,0x00000000eb980000,0x00000000eb980000)
  from space 6656K, 94% used [0x00000000ec400000,0x00000000eca20590,0x00000000eca80000)
  to   space 7680K, 0% used [0x00000000ebb80000,0x00000000ebb80000,0x00000000ec300000)
 ParOldGen       total 208896K, used 115245K [0x00000000c0000000, 0x00000000ccc00000, 0x00000000eab00000)
  object space 208896K, 55% used [0x00000000c0000000,0x00000000c708b7b0,0x00000000ccc00000)
 Metaspace       used 76327K, committed 77696K, reserved 1179648K
  class space    used 8058K, committed 8640K, reserved 1048576K
}
Event: 61.585 GC heap after
{Heap after GC invocations=114 (full 8):
 PSYoungGen      total 23552K, used 7656K [0x00000000eab00000, 0x00000000edb80000, 0x0000000100000000)
  eden space 15872K, 0% used [0x00000000eab00000,0x00000000eab00000,0x00000000eba80000)
  from space 7680K, 99% used [0x00000000ebb80000,0x00000000ec2fa1c0,0x00000000ec300000)
  to   space 16896K, 0% used [0x00000000ecb00000,0x00000000ecb00000,0x00000000edb80000)
 ParOldGen       total 208896K, used 122568K [0x00000000c0000000, 0x00000000ccc00000, 0x00000000eab00000)
  object space 208896K, 58% used [0x00000000c0000000,0x00000000c77b2218,0x00000000ccc00000)
 Metaspace       used 76327K, committed 77696K, reserved 1179648K
  class space    used 8058K, committed 8640K, reserved 1048576K
}
Event: 61.607 GC heap before
{Heap before GC invocations=115 (full 8):
 PSYoungGen      total 23552K, used 17768K [0x00000000eab00000, 0x00000000edb80000, 0x0000000100000000)
  eden space 15872K, 63% used [0x00000000eab00000,0x00000000eb4e0200,0x00000000eba80000)
  from space 7680K, 99% used [0x00000000ebb80000,0x00000000ec2fa1c0,0x00000000ec300000)
  to   space 16896K, 0% used [0x00000000ecb00000,0x00000000ecb00000,0x00000000edb80000)
 ParOldGen       total 208896K, used 145608K [0x00000000c0000000, 0x00000000ccc00000, 0x00000000eab00000)
  object space 208896K, 69% used [0x00000000c0000000,0x00000000c8e32238,0x00000000ccc00000)
 Metaspace       used 76340K, committed 77696K, reserved 1179648K
  class space    used 8058K, committed 8640K, reserved 1048576K
}
Event: 61.639 GC heap after
{Heap after GC invocations=115 (full 8):
 PSYoungGen      total 27648K, used 9656K [0x00000000eab00000, 0x00000000ed480000, 0x0000000100000000)
  eden space 17920K, 0% used [0x00000000eab00000,0x00000000eab00000,0x00000000ebc80000)
  from space 9728K, 99% used [0x00000000ecb00000,0x00000000ed46e1d0,0x00000000ed480000)
  to   space 11776K, 0% used [0x00000000ebd80000,0x00000000ebd80000,0x00000000ec900000)
 ParOldGen       total 208896K, used 145704K [0x00000000c0000000, 0x00000000ccc00000, 0x00000000eab00000)
  object space 208896K, 69% used [0x00000000c0000000,0x00000000c8e4a238,0x00000000ccc00000)
 Metaspace       used 76340K, committed 77696K, reserved 1179648K
  class space    used 8058K, committed 8640K, reserved 1048576K
}
Event: 61.735 GC heap before
{Heap before GC invocations=116 (full 8):
 PSYoungGen      total 27648K, used 27576K [0x00000000eab00000, 0x00000000ed480000, 0x0000000100000000)
  eden space 17920K, 100% used [0x00000000eab00000,0x00000000ebc80000,0x00000000ebc80000)
  from space 9728K, 99% used [0x00000000ecb00000,0x00000000ed46e1d0,0x00000000ed480000)
  to   space 11776K, 0% used [0x00000000ebd80000,0x00000000ebd80000,0x00000000ec900000)
 ParOldGen       total 208896K, used 191784K [0x00000000c0000000, 0x00000000ccc00000, 0x00000000eab00000)
  object space 208896K, 91% used [0x00000000c0000000,0x00000000cbb4a278,0x00000000ccc00000)
 Metaspace       used 76371K, committed 77760K, reserved 1179648K
  class space    used 8061K, committed 8640K, reserved 1048576K
}
Event: 61.766 GC heap after
{Heap after GC invocations=116 (full 8):
 PSYoungGen      total 29184K, used 9808K [0x00000000eab00000, 0x00000000ed280000, 0x0000000100000000)
  eden space 18944K, 0% used [0x00000000eab00000,0x00000000eab00000,0x00000000ebd80000)
  from space 10240K, 95% used [0x00000000ebd80000,0x00000000ec7141d8,0x00000000ec780000)
  to   space 10240K, 0% used [0x00000000ec880000,0x00000000ec880000,0x00000000ed280000)
 ParOldGen       total 208896K, used 193376K [0x00000000c0000000, 0x00000000ccc00000, 0x00000000eab00000)
  object space 208896K, 92% used [0x00000000c0000000,0x00000000cbcd81d0,0x00000000ccc00000)
 Metaspace       used 76371K, committed 77760K, reserved 1179648K
  class space    used 8061K, committed 8640K, reserved 1048576K
}
Event: 62.154 GC heap before
{Heap before GC invocations=117 (full 8):
 PSYoungGen      total 29184K, used 28752K [0x00000000eab00000, 0x00000000ed280000, 0x0000000100000000)
  eden space 18944K, 100% used [0x00000000eab00000,0x00000000ebd80000,0x00000000ebd80000)
  from space 10240K, 95% used [0x00000000ebd80000,0x00000000ec7141d8,0x00000000ec780000)
  to   space 10240K, 0% used [0x00000000ec880000,0x00000000ec880000,0x00000000ed280000)
 ParOldGen       total 208896K, used 193376K [0x00000000c0000000, 0x00000000ccc00000, 0x00000000eab00000)
  object space 208896K, 92% used [0x00000000c0000000,0x00000000cbcd81d0,0x00000000ccc00000)
 Metaspace       used 76434K, committed 77760K, reserved 1179648K
  class space    used 8063K, committed 8640K, reserved 1048576K
}
Event: 62.185 GC heap after
{Heap after GC invocations=117 (full 8):
 PSYoungGen      total 22528K, used 10213K [0x00000000eab00000, 0x00000000ee280000, 0x0000000100000000)
  eden space 12288K, 0% used [0x00000000eab00000,0x00000000eab00000,0x00000000eb700000)
  from space 10240K, 99% used [0x00000000ec880000,0x00000000ed2796a8,0x00000000ed280000)
  to   space 17920K, 0% used [0x00000000eb700000,0x00000000eb700000,0x00000000ec880000)
 ParOldGen       total 208896K, used 199526K [0x00000000c0000000, 0x00000000ccc00000, 0x00000000eab00000)
  object space 208896K, 95% used [0x00000000c0000000,0x00000000cc2d9b28,0x00000000ccc00000)
 Metaspace       used 76434K, committed 77760K, reserved 1179648K
  class space    used 8063K, committed 8640K, reserved 1048576K
}
Event: 62.320 GC heap before
{Heap before GC invocations=118 (full 8):
 PSYoungGen      total 22528K, used 22501K [0x00000000eab00000, 0x00000000ee280000, 0x0000000100000000)
  eden space 12288K, 100% used [0x00000000eab00000,0x00000000eb700000,0x00000000eb700000)
  from space 10240K, 99% used [0x00000000ec880000,0x00000000ed2796a8,0x00000000ed280000)
  to   space 17920K, 0% used [0x00000000eb700000,0x00000000eb700000,0x00000000ec880000)
 ParOldGen       total 208896K, used 199526K [0x00000000c0000000, 0x00000000ccc00000, 0x00000000eab00000)
  object space 208896K, 95% used [0x00000000c0000000,0x00000000cc2d9b28,0x00000000ccc00000)
 Metaspace       used 76451K, committed 77760K, reserved 1179648K
  class space    used 8063K, committed 8640K, reserved 1048576K
}
Event: 62.354 GC heap after
{Heap after GC invocations=118 (full 8):
 PSYoungGen      total 22016K, used 9720K [0x00000000eab00000, 0x00000000ed080000, 0x0000000100000000)
  eden space 12288K, 0% used [0x00000000eab00000,0x00000000eab00000,0x00000000eb700000)
  from space 9728K, 99% used [0x00000000eb700000,0x00000000ec07e398,0x00000000ec080000)
  to   space 12288K, 0% used [0x00000000ec480000,0x00000000ec480000,0x00000000ed080000)
 ParOldGen       total 208896K, used 203043K [0x00000000c0000000, 0x00000000ccc00000, 0x00000000eab00000)
  object space 208896K, 97% used [0x00000000c0000000,0x00000000cc648d28,0x00000000ccc00000)
 Metaspace       used 76451K, committed 77760K, reserved 1179648K
  class space    used 8063K, committed 8640K, reserved 1048576K
}
Event: 62.538 GC heap before
{Heap before GC invocations=119 (full 8):
 PSYoungGen      total 22016K, used 22008K [0x00000000eab00000, 0x00000000ed080000, 0x0000000100000000)
  eden space 12288K, 100% used [0x00000000eab00000,0x00000000eb700000,0x00000000eb700000)
  from space 9728K, 99% used [0x00000000eb700000,0x00000000ec07e398,0x00000000ec080000)
  to   space 12288K, 0% used [0x00000000ec480000,0x00000000ec480000,0x00000000ed080000)
 ParOldGen       total 208896K, used 203043K [0x00000000c0000000, 0x00000000ccc00000, 0x00000000eab00000)
  object space 208896K, 97% used [0x00000000c0000000,0x00000000cc648d28,0x00000000ccc00000)
 Metaspace       used 76451K, committed 77760K, reserved 1179648K
  class space    used 8063K, committed 8640K, reserved 1048576K
}
Event: 62.548 GC heap after
{Heap after GC invocations=119 (full 8):
 PSYoungGen      total 24576K, used 10617K [0x00000000eab00000, 0x00000000ecf00000, 0x0000000100000000)
  eden space 13824K, 0% used [0x00000000eab00000,0x00000000eab00000,0x00000000eb880000)
  from space 10752K, 98% used [0x00000000ec480000,0x00000000ecede408,0x00000000ecf00000)
  to   space 11264K, 0% used [0x00000000eb900000,0x00000000eb900000,0x00000000ec400000)
 ParOldGen       total 208896K, used 203043K [0x00000000c0000000, 0x00000000ccc00000, 0x00000000eab00000)
  object space 208896K, 97% used [0x00000000c0000000,0x00000000cc648d28,0x00000000ccc00000)
 Metaspace       used 76451K, committed 77760K, reserved 1179648K
  class space    used 8063K, committed 8640K, reserved 1048576K
}
Event: 63.130 GC heap before
{Heap before GC invocations=120 (full 8):
 PSYoungGen      total 24576K, used 24441K [0x00000000eab00000, 0x00000000ecf00000, 0x0000000100000000)
  eden space 13824K, 100% used [0x00000000eab00000,0x00000000eb880000,0x00000000eb880000)
  from space 10752K, 98% used [0x00000000ec480000,0x00000000ecede408,0x00000000ecf00000)
  to   space 11264K, 0% used [0x00000000eb900000,0x00000000eb900000,0x00000000ec400000)
 ParOldGen       total 208896K, used 203043K [0x00000000c0000000, 0x00000000ccc00000, 0x00000000eab00000)
  object space 208896K, 97% used [0x00000000c0000000,0x00000000cc648d28,0x00000000ccc00000)
 Metaspace       used 76546K, committed 77888K, reserved 1179648K
  class space    used 8080K, committed 8640K, reserved 1048576K
}
Event: 63.150 GC heap after
{Heap after GC invocations=120 (full 8):
 PSYoungGen      total 16896K, used 2105K [0x00000000eab00000, 0x00000000ec500000, 0x0000000100000000)
  eden space 14336K, 0% used [0x00000000eab00000,0x00000000eab00000,0x00000000eb900000)
  from space 2560K, 82% used [0x00000000eb900000,0x00000000ebb0e620,0x00000000ebb80000)
  to   space 5632K, 0% used [0x00000000ebf80000,0x00000000ebf80000,0x00000000ec500000)
 ParOldGen       total 208896K, used 203051K [0x00000000c0000000, 0x00000000ccc00000, 0x00000000eab00000)
  object space 208896K, 97% used [0x00000000c0000000,0x00000000cc64ad28,0x00000000ccc00000)
 Metaspace       used 76546K, committed 77888K, reserved 1179648K
  class space    used 8080K, committed 8640K, reserved 1048576K
}

